2025-01-01 15:36:22 [::1][-][78t480mmvmr21ctn88i9bdjmgh][error][yii\web\HttpException:404] yii\base\InvalidRouteException: Unable to resolve the request "yii". in D:\laragon\www\kelfivenew\vendor\yiisoft\yii2\base\Module.php:561
Stack trace:
#0 D:\laragon\www\kelfivenew\vendor\yiisoft\yii2\web\Application.php(103): yii\base\Module->runAction('yii', Array)
#1 D:\laragon\www\kelfivenew\vendor\yiisoft\yii2\base\Application.php(384): yii\web\Application->handleRequest(Object(yii\web\Request))
#2 D:\laragon\www\kelfivenew\web\index.php(12): yii\base\Application->run()
#3 {main}

Next yii\web\NotFoundHttpException: Page not found. in D:\laragon\www\kelfivenew\vendor\yiisoft\yii2\web\Application.php:115
Stack trace:
#0 D:\laragon\www\kelfivenew\vendor\yiisoft\yii2\base\Application.php(384): yii\web\Application->handleRequest(Object(yii\web\Request))
#1 D:\laragon\www\kelfivenew\web\index.php(12): yii\base\Application->run()
#2 {main}
2025-01-01 15:36:22 [::1][-][78t480mmvmr21ctn88i9bdjmgh][info][application] $_GET = [
    'r' => 'yii'
]

$_POST = []

$_FILES = []

$_COOKIE = [
    'PHPSESSID' => '78t480mmvmr21ctn88i9bdjmgh'
    '_csrf' => '1906d7e222e233cb53f8bc57e24a1436e78839a100a28ce8e3f9704dec5b7848a:2:{i:0;s:5:\"_csrf\";i:1;s:32:\"WDcMeeLTZbkBIXbffzloqmK67QDOaC_N\";}'
]

$_SESSION = [
    '__flash' => []
]

$_SERVER = [
    'HTTP_HOST' => 'localhost'
    'HTTP_CONNECTION' => 'keep-alive'
    'HTTP_SEC_CH_UA' => '\"Google Chrome\";v=\"131\", \"Chromium\";v=\"131\", \"Not_A Brand\";v=\"24\"'
    'HTTP_SEC_CH_UA_MOBILE' => '?0'
    'HTTP_SEC_CH_UA_PLATFORM' => '\"Windows\"'
    'HTTP_UPGRADE_INSECURE_REQUESTS' => '1'
    'HTTP_USER_AGENT' => 'Mozilla/5.0 (Windows NT 10.0; Win64; x64) AppleWebKit/537.36 (KHTML, like Gecko) Chrome/131.0.0.0 Safari/537.36'
    'HTTP_ACCEPT' => 'text/html,application/xhtml+xml,application/xml;q=0.9,image/avif,image/webp,image/apng,*/*;q=0.8,application/signed-exchange;v=b3;q=0.7'
    'HTTP_SEC_FETCH_SITE' => 'none'
    'HTTP_SEC_FETCH_MODE' => 'navigate'
    'HTTP_SEC_FETCH_USER' => '?1'
    'HTTP_SEC_FETCH_DEST' => 'document'
    'HTTP_ACCEPT_ENCODING' => 'gzip, deflate, br, zstd'
    'HTTP_ACCEPT_LANGUAGE' => 'en-US,en;q=0.9,de;q=0.8,id;q=0.7'
    'HTTP_COOKIE' => 'PHPSESSID=78t480mmvmr21ctn88i9bdjmgh; _csrf=1906d7e222e233cb53f8bc57e24a1436e78839a100a28ce8e3f9704dec5b7848a%3A2%3A%7Bi%3A0%3Bs%3A5%3A%22_csrf%22%3Bi%3A1%3Bs%3A32%3A%22WDcMeeLTZbkBIXbffzloqmK67QDOaC_N%22%3B%7D'
    'PATH' => 'C:\\Program Files (x86)\\Common Files\\Oracle\\Java\\java8path;C:\\Program Files (x86)\\Common Files\\Oracle\\Java\\javapath;C:\\WINDOWS\\system32;C:\\WINDOWS;C:\\WINDOWS\\System32\\Wbem;C:\\WINDOWS\\System32\\WindowsPowerShell\\v1.0\\;C:\\WINDOWS\\System32\\OpenSSH\\;C:\\Program Files (x86)\\ZeroTier\\One\\;C:\\Program Files\\dotnet\\;C:\\Program Files\\Git\\cmd;C:\\Program Files\\Docker\\Docker\\resources\\bin;D:\\Code Folder\\Phyton\\Scripts\\;D:\\Code Folder\\Phyton\\;C:\\Users\\hp\\AppData\\Local\\Microsoft\\WindowsApps;D:\\Code Folder\\VSC\\Microsoft VS Code\\bin'
    'SystemRoot' => 'C:\\WINDOWS'
    'COMSPEC' => 'C:\\WINDOWS\\system32\\cmd.exe'
    'PATHEXT' => '.COM;.EXE;.BAT;.CMD;.VBS;.VBE;.JS;.JSE;.WSF;.WSH;.MSC'
    'WINDIR' => 'C:\\WINDOWS'
    'SERVER_SIGNATURE' => ''
    'SERVER_SOFTWARE' => 'Apache/2.4.54 (Win64) OpenSSL/1.1.1q PHP/8.1.10'
    'SERVER_NAME' => 'localhost'
    'SERVER_ADDR' => '::1'
    'SERVER_PORT' => '80'
    'REMOTE_ADDR' => '::1'
    'DOCUMENT_ROOT' => 'D:/laragon/www'
    'REQUEST_SCHEME' => 'http'
    'CONTEXT_PREFIX' => ''
    'CONTEXT_DOCUMENT_ROOT' => 'D:/laragon/www'
    'SERVER_ADMIN' => 'admin@example.com'
    'SCRIPT_FILENAME' => 'D:/laragon/www/kelfivenew/web/index.php'
    'REMOTE_PORT' => '60855'
    'GATEWAY_INTERFACE' => 'CGI/1.1'
    'SERVER_PROTOCOL' => 'HTTP/1.1'
    'REQUEST_METHOD' => 'GET'
    'QUERY_STRING' => 'r=yii'
    'REQUEST_URI' => '/kelfivenew/web/index.php?r=yii'
    'SCRIPT_NAME' => '/kelfivenew/web/index.php'
    'PHP_SELF' => '/kelfivenew/web/index.php'
    'REQUEST_TIME_FLOAT' => 1735745782.4111
    'REQUEST_TIME' => 1735745782
]
2025-01-01 15:37:45 [::1][-][78t480mmvmr21ctn88i9bdjmgh][error][yii\db\Exception] PDOException: SQLSTATE[HY000] [1049] Unknown database 'yii2basic' in D:\laragon\www\kelfivenew\vendor\yiisoft\yii2\db\Connection.php:722
Stack trace:
#0 D:\laragon\www\kelfivenew\vendor\yiisoft\yii2\db\Connection.php(722): PDO->__construct('mysql:host=loca...', 'root', '', NULL)
#1 D:\laragon\www\kelfivenew\vendor\yiisoft\yii2\db\Connection.php(637): yii\db\Connection->createPdoInstance()
#2 D:\laragon\www\kelfivenew\vendor\yiisoft\yii2\db\Connection.php(1067): yii\db\Connection->open()
#3 D:\laragon\www\kelfivenew\vendor\yiisoft\yii2\db\Connection.php(1054): yii\db\Connection->getMasterPdo()
#4 D:\laragon\www\kelfivenew\vendor\yiisoft\yii2\db\Command.php(261): yii\db\Connection->getSlavePdo(true)
#5 D:\laragon\www\kelfivenew\vendor\yiisoft\yii2\db\Command.php(1181): yii\db\Command->prepare(true)
#6 D:\laragon\www\kelfivenew\vendor\yiisoft\yii2\db\Command.php(460): yii\db\Command->queryInternal('fetchAll', 7)
#7 D:\laragon\www\kelfivenew\vendor\yiisoft\yii2\db\mysql\Schema.php(123): yii\db\Command->queryColumn()
#8 D:\laragon\www\kelfivenew\vendor\yiisoft\yii2\db\Schema.php(235): yii\db\mysql\Schema->findTableNames('')
#9 D:\laragon\www\kelfivenew\vendor\yiisoft\yii2-gii\src\generators\model\Generator.php(225): yii\db\Schema->getTableNames()
#10 [internal function]: yii\gii\generators\model\Generator->yii\gii\generators\model\{closure}()
#11 D:\laragon\www\kelfivenew\vendor\yiisoft\yii2-gii\src\components\ActiveField.php(46): call_user_func(Object(Closure))
#12 D:\laragon\www\kelfivenew\vendor\yiisoft\yii2\base\BaseObject.php(109): yii\gii\components\ActiveField->init()
#13 [internal function]: yii\base\BaseObject->__construct(Array)
#14 D:\laragon\www\kelfivenew\vendor\yiisoft\yii2\di\Container.php(419): ReflectionClass->newInstanceArgs(Array)
#15 D:\laragon\www\kelfivenew\vendor\yiisoft\yii2\di\Container.php(170): yii\di\Container->build('yii\\gii\\compone...', Array, Array)
#16 D:\laragon\www\kelfivenew\vendor\yiisoft\yii2\BaseYii.php(365): yii\di\Container->get('yii\\gii\\compone...', Array, Array)
#17 D:\laragon\www\kelfivenew\vendor\yiisoft\yii2\widgets\ActiveForm.php(334): yii\BaseYii::createObject(Array)
#18 D:\laragon\www\kelfivenew\vendor\yiisoft\yii2-gii\src\generators\model\form.php(13): yii\widgets\ActiveForm->field(Object(yii\gii\generators\model\Generator), 'tableName')
#19 D:\laragon\www\kelfivenew\vendor\yiisoft\yii2\base\View.php(348): require('D:\\laragon\\www\\...')
#20 D:\laragon\www\kelfivenew\vendor\yiisoft\yii2\base\View.php(258): yii\base\View->renderPhpFile('D:\\laragon\\www\\...', Array)
#21 D:\laragon\www\kelfivenew\vendor\yiisoft\yii2-gii\src\views\default\view.php(43): yii\base\View->renderFile('D:\\laragon\\www\\...', Array)
#22 D:\laragon\www\kelfivenew\vendor\yiisoft\yii2\base\View.php(348): require('D:\\laragon\\www\\...')
#23 D:\laragon\www\kelfivenew\vendor\yiisoft\yii2\base\View.php(258): yii\base\View->renderPhpFile('D:\\laragon\\www\\...', Array)
#24 D:\laragon\www\kelfivenew\vendor\yiisoft\yii2\base\View.php(157): yii\base\View->renderFile('D:\\laragon\\www\\...', Array, Object(yii\gii\controllers\DefaultController))
#25 D:\laragon\www\kelfivenew\vendor\yiisoft\yii2\base\Controller.php(407): yii\base\View->render('view', Array, Object(yii\gii\controllers\DefaultController))
#26 D:\laragon\www\kelfivenew\vendor\yiisoft\yii2-gii\src\controllers\DefaultController.php(72): yii\base\Controller->render('view', Array)
#27 [internal function]: yii\gii\controllers\DefaultController->actionView('model')
#28 D:\laragon\www\kelfivenew\vendor\yiisoft\yii2\base\InlineAction.php(57): call_user_func_array(Array, Array)
#29 D:\laragon\www\kelfivenew\vendor\yiisoft\yii2\base\Controller.php(178): yii\base\InlineAction->runWithParams(Array)
#30 D:\laragon\www\kelfivenew\vendor\yiisoft\yii2\base\Module.php(552): yii\base\Controller->runAction('view', Array)
#31 D:\laragon\www\kelfivenew\vendor\yiisoft\yii2\web\Application.php(103): yii\base\Module->runAction('gii/default/vie...', Array)
#32 D:\laragon\www\kelfivenew\vendor\yiisoft\yii2\base\Application.php(384): yii\web\Application->handleRequest(Object(yii\web\Request))
#33 D:\laragon\www\kelfivenew\web\index.php(12): yii\base\Application->run()
#34 {main}

Next yii\db\Exception: SQLSTATE[HY000] [1049] Unknown database 'yii2basic' in D:\laragon\www\kelfivenew\vendor\yiisoft\yii2\db\Connection.php:648
Stack trace:
#0 D:\laragon\www\kelfivenew\vendor\yiisoft\yii2\db\Connection.php(1067): yii\db\Connection->open()
#1 D:\laragon\www\kelfivenew\vendor\yiisoft\yii2\db\Connection.php(1054): yii\db\Connection->getMasterPdo()
#2 D:\laragon\www\kelfivenew\vendor\yiisoft\yii2\db\Command.php(261): yii\db\Connection->getSlavePdo(true)
#3 D:\laragon\www\kelfivenew\vendor\yiisoft\yii2\db\Command.php(1181): yii\db\Command->prepare(true)
#4 D:\laragon\www\kelfivenew\vendor\yiisoft\yii2\db\Command.php(460): yii\db\Command->queryInternal('fetchAll', 7)
#5 D:\laragon\www\kelfivenew\vendor\yiisoft\yii2\db\mysql\Schema.php(123): yii\db\Command->queryColumn()
#6 D:\laragon\www\kelfivenew\vendor\yiisoft\yii2\db\Schema.php(235): yii\db\mysql\Schema->findTableNames('')
#7 D:\laragon\www\kelfivenew\vendor\yiisoft\yii2-gii\src\generators\model\Generator.php(225): yii\db\Schema->getTableNames()
#8 [internal function]: yii\gii\generators\model\Generator->yii\gii\generators\model\{closure}()
#9 D:\laragon\www\kelfivenew\vendor\yiisoft\yii2-gii\src\components\ActiveField.php(46): call_user_func(Object(Closure))
#10 D:\laragon\www\kelfivenew\vendor\yiisoft\yii2\base\BaseObject.php(109): yii\gii\components\ActiveField->init()
#11 [internal function]: yii\base\BaseObject->__construct(Array)
#12 D:\laragon\www\kelfivenew\vendor\yiisoft\yii2\di\Container.php(419): ReflectionClass->newInstanceArgs(Array)
#13 D:\laragon\www\kelfivenew\vendor\yiisoft\yii2\di\Container.php(170): yii\di\Container->build('yii\\gii\\compone...', Array, Array)
#14 D:\laragon\www\kelfivenew\vendor\yiisoft\yii2\BaseYii.php(365): yii\di\Container->get('yii\\gii\\compone...', Array, Array)
#15 D:\laragon\www\kelfivenew\vendor\yiisoft\yii2\widgets\ActiveForm.php(334): yii\BaseYii::createObject(Array)
#16 D:\laragon\www\kelfivenew\vendor\yiisoft\yii2-gii\src\generators\model\form.php(13): yii\widgets\ActiveForm->field(Object(yii\gii\generators\model\Generator), 'tableName')
#17 D:\laragon\www\kelfivenew\vendor\yiisoft\yii2\base\View.php(348): require('D:\\laragon\\www\\...')
#18 D:\laragon\www\kelfivenew\vendor\yiisoft\yii2\base\View.php(258): yii\base\View->renderPhpFile('D:\\laragon\\www\\...', Array)
#19 D:\laragon\www\kelfivenew\vendor\yiisoft\yii2-gii\src\views\default\view.php(43): yii\base\View->renderFile('D:\\laragon\\www\\...', Array)
#20 D:\laragon\www\kelfivenew\vendor\yiisoft\yii2\base\View.php(348): require('D:\\laragon\\www\\...')
#21 D:\laragon\www\kelfivenew\vendor\yiisoft\yii2\base\View.php(258): yii\base\View->renderPhpFile('D:\\laragon\\www\\...', Array)
#22 D:\laragon\www\kelfivenew\vendor\yiisoft\yii2\base\View.php(157): yii\base\View->renderFile('D:\\laragon\\www\\...', Array, Object(yii\gii\controllers\DefaultController))
#23 D:\laragon\www\kelfivenew\vendor\yiisoft\yii2\base\Controller.php(407): yii\base\View->render('view', Array, Object(yii\gii\controllers\DefaultController))
#24 D:\laragon\www\kelfivenew\vendor\yiisoft\yii2-gii\src\controllers\DefaultController.php(72): yii\base\Controller->render('view', Array)
#25 [internal function]: yii\gii\controllers\DefaultController->actionView('model')
#26 D:\laragon\www\kelfivenew\vendor\yiisoft\yii2\base\InlineAction.php(57): call_user_func_array(Array, Array)
#27 D:\laragon\www\kelfivenew\vendor\yiisoft\yii2\base\Controller.php(178): yii\base\InlineAction->runWithParams(Array)
#28 D:\laragon\www\kelfivenew\vendor\yiisoft\yii2\base\Module.php(552): yii\base\Controller->runAction('view', Array)
#29 D:\laragon\www\kelfivenew\vendor\yiisoft\yii2\web\Application.php(103): yii\base\Module->runAction('gii/default/vie...', Array)
#30 D:\laragon\www\kelfivenew\vendor\yiisoft\yii2\base\Application.php(384): yii\web\Application->handleRequest(Object(yii\web\Request))
#31 D:\laragon\www\kelfivenew\web\index.php(12): yii\base\Application->run()
#32 {main}
Additional Information:
Array
(
    [0] => HY000
    [1] => 1049
    [2] => Unknown database 'yii2basic'
)

2025-01-01 15:37:44 [::1][-][78t480mmvmr21ctn88i9bdjmgh][info][application] $_GET = [
    'r' => 'gii/default/view'
    'id' => 'model'
]

$_POST = []

$_FILES = []

$_COOKIE = [
    'PHPSESSID' => '78t480mmvmr21ctn88i9bdjmgh'
    '_csrf' => '1906d7e222e233cb53f8bc57e24a1436e78839a100a28ce8e3f9704dec5b7848a:2:{i:0;s:5:\"_csrf\";i:1;s:32:\"WDcMeeLTZbkBIXbffzloqmK67QDOaC_N\";}'
]

$_SESSION = [
    '__flash' => []
]

$_SERVER = [
    'HTTP_HOST' => 'localhost'
    'HTTP_CONNECTION' => 'keep-alive'
    'HTTP_SEC_CH_UA' => '\"Google Chrome\";v=\"131\", \"Chromium\";v=\"131\", \"Not_A Brand\";v=\"24\"'
    'HTTP_SEC_CH_UA_MOBILE' => '?0'
    'HTTP_SEC_CH_UA_PLATFORM' => '\"Windows\"'
    'HTTP_UPGRADE_INSECURE_REQUESTS' => '1'
    'HTTP_USER_AGENT' => 'Mozilla/5.0 (Windows NT 10.0; Win64; x64) AppleWebKit/537.36 (KHTML, like Gecko) Chrome/131.0.0.0 Safari/537.36'
    'HTTP_ACCEPT' => 'text/html,application/xhtml+xml,application/xml;q=0.9,image/avif,image/webp,image/apng,*/*;q=0.8,application/signed-exchange;v=b3;q=0.7'
    'HTTP_SEC_FETCH_SITE' => 'same-origin'
    'HTTP_SEC_FETCH_MODE' => 'navigate'
    'HTTP_SEC_FETCH_USER' => '?1'
    'HTTP_SEC_FETCH_DEST' => 'document'
    'HTTP_REFERER' => 'http://localhost/kelfivenew/web/index.php?r=gii'
    'HTTP_ACCEPT_ENCODING' => 'gzip, deflate, br, zstd'
    'HTTP_ACCEPT_LANGUAGE' => 'en-US,en;q=0.9,de;q=0.8,id;q=0.7'
    'HTTP_COOKIE' => 'PHPSESSID=78t480mmvmr21ctn88i9bdjmgh; _csrf=1906d7e222e233cb53f8bc57e24a1436e78839a100a28ce8e3f9704dec5b7848a%3A2%3A%7Bi%3A0%3Bs%3A5%3A%22_csrf%22%3Bi%3A1%3Bs%3A32%3A%22WDcMeeLTZbkBIXbffzloqmK67QDOaC_N%22%3B%7D'
    'PATH' => 'C:\\Program Files (x86)\\Common Files\\Oracle\\Java\\java8path;C:\\Program Files (x86)\\Common Files\\Oracle\\Java\\javapath;C:\\WINDOWS\\system32;C:\\WINDOWS;C:\\WINDOWS\\System32\\Wbem;C:\\WINDOWS\\System32\\WindowsPowerShell\\v1.0\\;C:\\WINDOWS\\System32\\OpenSSH\\;C:\\Program Files (x86)\\ZeroTier\\One\\;C:\\Program Files\\dotnet\\;C:\\Program Files\\Git\\cmd;C:\\Program Files\\Docker\\Docker\\resources\\bin;D:\\Code Folder\\Phyton\\Scripts\\;D:\\Code Folder\\Phyton\\;C:\\Users\\hp\\AppData\\Local\\Microsoft\\WindowsApps;D:\\Code Folder\\VSC\\Microsoft VS Code\\bin'
    'SystemRoot' => 'C:\\WINDOWS'
    'COMSPEC' => 'C:\\WINDOWS\\system32\\cmd.exe'
    'PATHEXT' => '.COM;.EXE;.BAT;.CMD;.VBS;.VBE;.JS;.JSE;.WSF;.WSH;.MSC'
    'WINDIR' => 'C:\\WINDOWS'
    'SERVER_SIGNATURE' => ''
    'SERVER_SOFTWARE' => 'Apache/2.4.54 (Win64) OpenSSL/1.1.1q PHP/8.1.10'
    'SERVER_NAME' => 'localhost'
    'SERVER_ADDR' => '::1'
    'SERVER_PORT' => '80'
    'REMOTE_ADDR' => '::1'
    'DOCUMENT_ROOT' => 'D:/laragon/www'
    'REQUEST_SCHEME' => 'http'
    'CONTEXT_PREFIX' => ''
    'CONTEXT_DOCUMENT_ROOT' => 'D:/laragon/www'
    'SERVER_ADMIN' => 'admin@example.com'
    'SCRIPT_FILENAME' => 'D:/laragon/www/kelfivenew/web/index.php'
    'REMOTE_PORT' => '60867'
    'GATEWAY_INTERFACE' => 'CGI/1.1'
    'SERVER_PROTOCOL' => 'HTTP/1.1'
    'REQUEST_METHOD' => 'GET'
    'QUERY_STRING' => 'r=gii%2Fdefault%2Fview&id=model'
    'REQUEST_URI' => '/kelfivenew/web/index.php?r=gii%2Fdefault%2Fview&id=model'
    'SCRIPT_NAME' => '/kelfivenew/web/index.php'
    'PHP_SELF' => '/kelfivenew/web/index.php'
    'REQUEST_TIME_FLOAT' => 1735745864.1583
    'REQUEST_TIME' => 1735745864
]
2025-01-01 15:58:49 [::1][-][78t480mmvmr21ctn88i9bdjmgh][error][yii\web\HttpException:404] yii\base\InvalidRouteException: Unable to resolve the request "akreditas". in D:\laragon\www\kelfivenew\vendor\yiisoft\yii2\base\Module.php:561
Stack trace:
#0 D:\laragon\www\kelfivenew\vendor\yiisoft\yii2\web\Application.php(103): yii\base\Module->runAction('akreditas', Array)
#1 D:\laragon\www\kelfivenew\vendor\yiisoft\yii2\base\Application.php(384): yii\web\Application->handleRequest(Object(yii\web\Request))
#2 D:\laragon\www\kelfivenew\web\index.php(12): yii\base\Application->run()
#3 {main}

Next yii\web\NotFoundHttpException: Page not found. in D:\laragon\www\kelfivenew\vendor\yiisoft\yii2\web\Application.php:115
Stack trace:
#0 D:\laragon\www\kelfivenew\vendor\yiisoft\yii2\base\Application.php(384): yii\web\Application->handleRequest(Object(yii\web\Request))
#1 D:\laragon\www\kelfivenew\web\index.php(12): yii\base\Application->run()
#2 {main}
2025-01-01 15:58:49 [::1][-][78t480mmvmr21ctn88i9bdjmgh][info][application] $_GET = [
    'r' => 'akreditas'
]

$_POST = []

$_FILES = []

$_COOKIE = [
    'PHPSESSID' => '78t480mmvmr21ctn88i9bdjmgh'
    '_csrf' => '1906d7e222e233cb53f8bc57e24a1436e78839a100a28ce8e3f9704dec5b7848a:2:{i:0;s:5:\"_csrf\";i:1;s:32:\"WDcMeeLTZbkBIXbffzloqmK67QDOaC_N\";}'
]

$_SESSION = [
    '__flash' => []
]

$_SERVER = [
    'HTTP_HOST' => 'localhost'
    'HTTP_CONNECTION' => 'keep-alive'
    'HTTP_SEC_CH_UA' => '\"Google Chrome\";v=\"131\", \"Chromium\";v=\"131\", \"Not_A Brand\";v=\"24\"'
    'HTTP_SEC_CH_UA_MOBILE' => '?0'
    'HTTP_SEC_CH_UA_PLATFORM' => '\"Windows\"'
    'HTTP_UPGRADE_INSECURE_REQUESTS' => '1'
    'HTTP_USER_AGENT' => 'Mozilla/5.0 (Windows NT 10.0; Win64; x64) AppleWebKit/537.36 (KHTML, like Gecko) Chrome/131.0.0.0 Safari/537.36'
    'HTTP_ACCEPT' => 'text/html,application/xhtml+xml,application/xml;q=0.9,image/avif,image/webp,image/apng,*/*;q=0.8,application/signed-exchange;v=b3;q=0.7'
    'HTTP_SEC_FETCH_SITE' => 'none'
    'HTTP_SEC_FETCH_MODE' => 'navigate'
    'HTTP_SEC_FETCH_USER' => '?1'
    'HTTP_SEC_FETCH_DEST' => 'document'
    'HTTP_ACCEPT_ENCODING' => 'gzip, deflate, br, zstd'
    'HTTP_ACCEPT_LANGUAGE' => 'en-US,en;q=0.9,de;q=0.8,id;q=0.7'
    'HTTP_COOKIE' => 'PHPSESSID=78t480mmvmr21ctn88i9bdjmgh; _csrf=1906d7e222e233cb53f8bc57e24a1436e78839a100a28ce8e3f9704dec5b7848a%3A2%3A%7Bi%3A0%3Bs%3A5%3A%22_csrf%22%3Bi%3A1%3Bs%3A32%3A%22WDcMeeLTZbkBIXbffzloqmK67QDOaC_N%22%3B%7D'
    'PATH' => 'C:\\Program Files (x86)\\Common Files\\Oracle\\Java\\java8path;C:\\Program Files (x86)\\Common Files\\Oracle\\Java\\javapath;C:\\WINDOWS\\system32;C:\\WINDOWS;C:\\WINDOWS\\System32\\Wbem;C:\\WINDOWS\\System32\\WindowsPowerShell\\v1.0\\;C:\\WINDOWS\\System32\\OpenSSH\\;C:\\Program Files (x86)\\ZeroTier\\One\\;C:\\Program Files\\dotnet\\;C:\\Program Files\\Git\\cmd;C:\\Program Files\\Docker\\Docker\\resources\\bin;D:\\Code Folder\\Phyton\\Scripts\\;D:\\Code Folder\\Phyton\\;C:\\Users\\hp\\AppData\\Local\\Microsoft\\WindowsApps;D:\\Code Folder\\VSC\\Microsoft VS Code\\bin'
    'SystemRoot' => 'C:\\WINDOWS'
    'COMSPEC' => 'C:\\WINDOWS\\system32\\cmd.exe'
    'PATHEXT' => '.COM;.EXE;.BAT;.CMD;.VBS;.VBE;.JS;.JSE;.WSF;.WSH;.MSC'
    'WINDIR' => 'C:\\WINDOWS'
    'SERVER_SIGNATURE' => ''
    'SERVER_SOFTWARE' => 'Apache/2.4.54 (Win64) OpenSSL/1.1.1q PHP/8.1.10'
    'SERVER_NAME' => 'localhost'
    'SERVER_ADDR' => '::1'
    'SERVER_PORT' => '80'
    'REMOTE_ADDR' => '::1'
    'DOCUMENT_ROOT' => 'D:/laragon/www'
    'REQUEST_SCHEME' => 'http'
    'CONTEXT_PREFIX' => ''
    'CONTEXT_DOCUMENT_ROOT' => 'D:/laragon/www'
    'SERVER_ADMIN' => 'admin@example.com'
    'SCRIPT_FILENAME' => 'D:/laragon/www/kelfivenew/web/index.php'
    'REMOTE_PORT' => '61130'
    'GATEWAY_INTERFACE' => 'CGI/1.1'
    'SERVER_PROTOCOL' => 'HTTP/1.1'
    'REQUEST_METHOD' => 'GET'
    'QUERY_STRING' => 'r=akreditas'
    'REQUEST_URI' => '/kelfivenew/web/index.php?r=akreditas'
    'SCRIPT_NAME' => '/kelfivenew/web/index.php'
    'PHP_SELF' => '/kelfivenew/web/index.php'
    'REQUEST_TIME_FLOAT' => 1735747129.032
    'REQUEST_TIME' => 1735747129
]
2025-01-01 15:58:58 [::1][-][78t480mmvmr21ctn88i9bdjmgh][error][yii\web\HttpException:404] yii\base\InvalidRouteException: Unable to resolve the request "akreditasi". in D:\laragon\www\kelfivenew\vendor\yiisoft\yii2\base\Module.php:561
Stack trace:
#0 D:\laragon\www\kelfivenew\vendor\yiisoft\yii2\web\Application.php(103): yii\base\Module->runAction('akreditasi', Array)
#1 D:\laragon\www\kelfivenew\vendor\yiisoft\yii2\base\Application.php(384): yii\web\Application->handleRequest(Object(yii\web\Request))
#2 D:\laragon\www\kelfivenew\web\index.php(12): yii\base\Application->run()
#3 {main}

Next yii\web\NotFoundHttpException: Page not found. in D:\laragon\www\kelfivenew\vendor\yiisoft\yii2\web\Application.php:115
Stack trace:
#0 D:\laragon\www\kelfivenew\vendor\yiisoft\yii2\base\Application.php(384): yii\web\Application->handleRequest(Object(yii\web\Request))
#1 D:\laragon\www\kelfivenew\web\index.php(12): yii\base\Application->run()
#2 {main}
2025-01-01 15:58:58 [::1][-][78t480mmvmr21ctn88i9bdjmgh][info][application] $_GET = [
    'r' => 'akreditasi'
]

$_POST = []

$_FILES = []

$_COOKIE = [
    'PHPSESSID' => '78t480mmvmr21ctn88i9bdjmgh'
    '_csrf' => '1906d7e222e233cb53f8bc57e24a1436e78839a100a28ce8e3f9704dec5b7848a:2:{i:0;s:5:\"_csrf\";i:1;s:32:\"WDcMeeLTZbkBIXbffzloqmK67QDOaC_N\";}'
]

$_SESSION = [
    '__flash' => []
]

$_SERVER = [
    'HTTP_HOST' => 'localhost'
    'HTTP_CONNECTION' => 'keep-alive'
    'HTTP_SEC_CH_UA' => '\"Google Chrome\";v=\"131\", \"Chromium\";v=\"131\", \"Not_A Brand\";v=\"24\"'
    'HTTP_SEC_CH_UA_MOBILE' => '?0'
    'HTTP_SEC_CH_UA_PLATFORM' => '\"Windows\"'
    'HTTP_UPGRADE_INSECURE_REQUESTS' => '1'
    'HTTP_USER_AGENT' => 'Mozilla/5.0 (Windows NT 10.0; Win64; x64) AppleWebKit/537.36 (KHTML, like Gecko) Chrome/131.0.0.0 Safari/537.36'
    'HTTP_ACCEPT' => 'text/html,application/xhtml+xml,application/xml;q=0.9,image/avif,image/webp,image/apng,*/*;q=0.8,application/signed-exchange;v=b3;q=0.7'
    'HTTP_SEC_FETCH_SITE' => 'none'
    'HTTP_SEC_FETCH_MODE' => 'navigate'
    'HTTP_SEC_FETCH_USER' => '?1'
    'HTTP_SEC_FETCH_DEST' => 'document'
    'HTTP_ACCEPT_ENCODING' => 'gzip, deflate, br, zstd'
    'HTTP_ACCEPT_LANGUAGE' => 'en-US,en;q=0.9,de;q=0.8,id;q=0.7'
    'HTTP_COOKIE' => 'PHPSESSID=78t480mmvmr21ctn88i9bdjmgh; _csrf=1906d7e222e233cb53f8bc57e24a1436e78839a100a28ce8e3f9704dec5b7848a%3A2%3A%7Bi%3A0%3Bs%3A5%3A%22_csrf%22%3Bi%3A1%3Bs%3A32%3A%22WDcMeeLTZbkBIXbffzloqmK67QDOaC_N%22%3B%7D'
    'PATH' => 'C:\\Program Files (x86)\\Common Files\\Oracle\\Java\\java8path;C:\\Program Files (x86)\\Common Files\\Oracle\\Java\\javapath;C:\\WINDOWS\\system32;C:\\WINDOWS;C:\\WINDOWS\\System32\\Wbem;C:\\WINDOWS\\System32\\WindowsPowerShell\\v1.0\\;C:\\WINDOWS\\System32\\OpenSSH\\;C:\\Program Files (x86)\\ZeroTier\\One\\;C:\\Program Files\\dotnet\\;C:\\Program Files\\Git\\cmd;C:\\Program Files\\Docker\\Docker\\resources\\bin;D:\\Code Folder\\Phyton\\Scripts\\;D:\\Code Folder\\Phyton\\;C:\\Users\\hp\\AppData\\Local\\Microsoft\\WindowsApps;D:\\Code Folder\\VSC\\Microsoft VS Code\\bin'
    'SystemRoot' => 'C:\\WINDOWS'
    'COMSPEC' => 'C:\\WINDOWS\\system32\\cmd.exe'
    'PATHEXT' => '.COM;.EXE;.BAT;.CMD;.VBS;.VBE;.JS;.JSE;.WSF;.WSH;.MSC'
    'WINDIR' => 'C:\\WINDOWS'
    'SERVER_SIGNATURE' => ''
    'SERVER_SOFTWARE' => 'Apache/2.4.54 (Win64) OpenSSL/1.1.1q PHP/8.1.10'
    'SERVER_NAME' => 'localhost'
    'SERVER_ADDR' => '::1'
    'SERVER_PORT' => '80'
    'REMOTE_ADDR' => '::1'
    'DOCUMENT_ROOT' => 'D:/laragon/www'
    'REQUEST_SCHEME' => 'http'
    'CONTEXT_PREFIX' => ''
    'CONTEXT_DOCUMENT_ROOT' => 'D:/laragon/www'
    'SERVER_ADMIN' => 'admin@example.com'
    'SCRIPT_FILENAME' => 'D:/laragon/www/kelfivenew/web/index.php'
    'REMOTE_PORT' => '61136'
    'GATEWAY_INTERFACE' => 'CGI/1.1'
    'SERVER_PROTOCOL' => 'HTTP/1.1'
    'REQUEST_METHOD' => 'GET'
    'QUERY_STRING' => 'r=akreditasi'
    'REQUEST_URI' => '/kelfivenew/web/index.php?r=akreditasi'
    'SCRIPT_NAME' => '/kelfivenew/web/index.php'
    'PHP_SELF' => '/kelfivenew/web/index.php'
    'REQUEST_TIME_FLOAT' => 1735747138.7754
    'REQUEST_TIME' => 1735747138
]
2025-01-01 16:32:04 [::1][-][78t480mmvmr21ctn88i9bdjmgh][error][yii\web\HttpException:404] yii\base\InvalidRouteException: Unable to resolve the request "AkreditasiProdi". in D:\laragon\www\kelfivenew\vendor\yiisoft\yii2\base\Module.php:561
Stack trace:
#0 D:\laragon\www\kelfivenew\vendor\yiisoft\yii2\web\Application.php(103): yii\base\Module->runAction('AkreditasiProdi', Array)
#1 D:\laragon\www\kelfivenew\vendor\yiisoft\yii2\base\Application.php(384): yii\web\Application->handleRequest(Object(yii\web\Request))
#2 D:\laragon\www\kelfivenew\web\index.php(12): yii\base\Application->run()
#3 {main}

Next yii\web\NotFoundHttpException: Page not found. in D:\laragon\www\kelfivenew\vendor\yiisoft\yii2\web\Application.php:115
Stack trace:
#0 D:\laragon\www\kelfivenew\vendor\yiisoft\yii2\base\Application.php(384): yii\web\Application->handleRequest(Object(yii\web\Request))
#1 D:\laragon\www\kelfivenew\web\index.php(12): yii\base\Application->run()
#2 {main}
2025-01-01 16:32:04 [::1][-][78t480mmvmr21ctn88i9bdjmgh][info][application] $_GET = [
    'r' => 'AkreditasiProdi'
]

$_POST = []

$_FILES = []

$_COOKIE = [
    'PHPSESSID' => '78t480mmvmr21ctn88i9bdjmgh'
    '_csrf' => '1906d7e222e233cb53f8bc57e24a1436e78839a100a28ce8e3f9704dec5b7848a:2:{i:0;s:5:\"_csrf\";i:1;s:32:\"WDcMeeLTZbkBIXbffzloqmK67QDOaC_N\";}'
]

$_SESSION = [
    '__flash' => []
    '__captcha/site/captcha' => 'bisrvio'
    '__captcha/site/captchacount' => 1
]

$_SERVER = [
    'HTTP_HOST' => 'localhost'
    'HTTP_CONNECTION' => 'keep-alive'
    'HTTP_SEC_CH_UA' => '\"Google Chrome\";v=\"131\", \"Chromium\";v=\"131\", \"Not_A Brand\";v=\"24\"'
    'HTTP_SEC_CH_UA_MOBILE' => '?0'
    'HTTP_SEC_CH_UA_PLATFORM' => '\"Windows\"'
    'HTTP_UPGRADE_INSECURE_REQUESTS' => '1'
    'HTTP_USER_AGENT' => 'Mozilla/5.0 (Windows NT 10.0; Win64; x64) AppleWebKit/537.36 (KHTML, like Gecko) Chrome/131.0.0.0 Safari/537.36'
    'HTTP_ACCEPT' => 'text/html,application/xhtml+xml,application/xml;q=0.9,image/avif,image/webp,image/apng,*/*;q=0.8,application/signed-exchange;v=b3;q=0.7'
    'HTTP_SEC_FETCH_SITE' => 'same-origin'
    'HTTP_SEC_FETCH_MODE' => 'navigate'
    'HTTP_SEC_FETCH_USER' => '?1'
    'HTTP_SEC_FETCH_DEST' => 'document'
    'HTTP_REFERER' => 'http://localhost/kelfivenew/web/index.php'
    'HTTP_ACCEPT_ENCODING' => 'gzip, deflate, br, zstd'
    'HTTP_ACCEPT_LANGUAGE' => 'en-US,en;q=0.9,de;q=0.8,id;q=0.7'
    'HTTP_COOKIE' => 'PHPSESSID=78t480mmvmr21ctn88i9bdjmgh; _csrf=1906d7e222e233cb53f8bc57e24a1436e78839a100a28ce8e3f9704dec5b7848a%3A2%3A%7Bi%3A0%3Bs%3A5%3A%22_csrf%22%3Bi%3A1%3Bs%3A32%3A%22WDcMeeLTZbkBIXbffzloqmK67QDOaC_N%22%3B%7D'
    'PATH' => 'C:\\Program Files (x86)\\Common Files\\Oracle\\Java\\java8path;C:\\Program Files (x86)\\Common Files\\Oracle\\Java\\javapath;C:\\WINDOWS\\system32;C:\\WINDOWS;C:\\WINDOWS\\System32\\Wbem;C:\\WINDOWS\\System32\\WindowsPowerShell\\v1.0\\;C:\\WINDOWS\\System32\\OpenSSH\\;C:\\Program Files (x86)\\ZeroTier\\One\\;C:\\Program Files\\dotnet\\;C:\\Program Files\\Git\\cmd;C:\\Program Files\\Docker\\Docker\\resources\\bin;D:\\Code Folder\\Phyton\\Scripts\\;D:\\Code Folder\\Phyton\\;C:\\Users\\hp\\AppData\\Local\\Microsoft\\WindowsApps;D:\\Code Folder\\VSC\\Microsoft VS Code\\bin'
    'SystemRoot' => 'C:\\WINDOWS'
    'COMSPEC' => 'C:\\WINDOWS\\system32\\cmd.exe'
    'PATHEXT' => '.COM;.EXE;.BAT;.CMD;.VBS;.VBE;.JS;.JSE;.WSF;.WSH;.MSC'
    'WINDIR' => 'C:\\WINDOWS'
    'SERVER_SIGNATURE' => ''
    'SERVER_SOFTWARE' => 'Apache/2.4.54 (Win64) OpenSSL/1.1.1q PHP/8.1.10'
    'SERVER_NAME' => 'localhost'
    'SERVER_ADDR' => '::1'
    'SERVER_PORT' => '80'
    'REMOTE_ADDR' => '::1'
    'DOCUMENT_ROOT' => 'D:/laragon/www'
    'REQUEST_SCHEME' => 'http'
    'CONTEXT_PREFIX' => ''
    'CONTEXT_DOCUMENT_ROOT' => 'D:/laragon/www'
    'SERVER_ADMIN' => 'admin@example.com'
    'SCRIPT_FILENAME' => 'D:/laragon/www/kelfivenew/web/index.php'
    'REMOTE_PORT' => '61495'
    'GATEWAY_INTERFACE' => 'CGI/1.1'
    'SERVER_PROTOCOL' => 'HTTP/1.1'
    'REQUEST_METHOD' => 'GET'
    'QUERY_STRING' => 'r=AkreditasiProdi'
    'REQUEST_URI' => '/kelfivenew/web/index.php?r=AkreditasiProdi'
    'SCRIPT_NAME' => '/kelfivenew/web/index.php'
    'PHP_SELF' => '/kelfivenew/web/index.php'
    'REQUEST_TIME_FLOAT' => 1735749124.3015
    'REQUEST_TIME' => 1735749124
]
2025-01-01 16:56:46 [::1][-][78t480mmvmr21ctn88i9bdjmgh][error][yii\db\Exception] PDOException: SQLSTATE[HY000]: General error: 1525 Incorrect DATE value: '12-08-2005' in D:\laragon\www\kelfivenew\vendor\yiisoft\yii2\db\Command.php:1320
Stack trace:
#0 D:\laragon\www\kelfivenew\vendor\yiisoft\yii2\db\Command.php(1320): PDOStatement->execute()
#1 D:\laragon\www\kelfivenew\vendor\yiisoft\yii2\db\Command.php(1186): yii\db\Command->internalExecute('SELECT COUNT(*)...')
#2 D:\laragon\www\kelfivenew\vendor\yiisoft\yii2\db\Command.php(443): yii\db\Command->queryInternal('fetchColumn', 0)
#3 D:\laragon\www\kelfivenew\vendor\yiisoft\yii2\db\Query.php(497): yii\db\Command->queryScalar()
#4 D:\laragon\www\kelfivenew\vendor\yiisoft\yii2\db\ActiveQuery.php(352): yii\db\Query->queryScalar('COUNT(*)', Object(yii\db\Connection))
#5 D:\laragon\www\kelfivenew\vendor\yiisoft\yii2\db\Query.php(368): yii\db\ActiveQuery->queryScalar('COUNT(*)', Object(yii\db\Connection))
#6 D:\laragon\www\kelfivenew\vendor\yiisoft\yii2\data\ActiveDataProvider.php(168): yii\db\Query->count('*', NULL)
#7 D:\laragon\www\kelfivenew\vendor\yiisoft\yii2\data\BaseDataProvider.php(170): yii\data\ActiveDataProvider->prepareTotalCount()
#8 D:\laragon\www\kelfivenew\vendor\yiisoft\yii2\data\ActiveDataProvider.php(105): yii\data\BaseDataProvider->getTotalCount()
#9 D:\laragon\www\kelfivenew\vendor\yiisoft\yii2\data\BaseDataProvider.php(102): yii\data\ActiveDataProvider->prepareModels()
#10 D:\laragon\www\kelfivenew\vendor\yiisoft\yii2\data\BaseDataProvider.php(115): yii\data\BaseDataProvider->prepare()
#11 D:\laragon\www\kelfivenew\vendor\yiisoft\yii2\data\BaseDataProvider.php(156): yii\data\BaseDataProvider->getModels()
#12 D:\laragon\www\kelfivenew\vendor\yiisoft\yii2\widgets\BaseListView.php(190): yii\data\BaseDataProvider->getCount()
#13 D:\laragon\www\kelfivenew\vendor\yiisoft\yii2\widgets\BaseListView.php(158): yii\widgets\BaseListView->renderSummary()
#14 D:\laragon\www\kelfivenew\vendor\yiisoft\yii2\grid\GridView.php(326): yii\widgets\BaseListView->renderSection('{summary}')
#15 D:\laragon\www\kelfivenew\vendor\yiisoft\yii2\widgets\BaseListView.php(135): yii\grid\GridView->renderSection('{summary}')
#16 [internal function]: yii\widgets\BaseListView->yii\widgets\{closure}(Array)
#17 D:\laragon\www\kelfivenew\vendor\yiisoft\yii2\widgets\BaseListView.php(138): preg_replace_callback('/{\\w+}/', Object(Closure), '{summary}\n{item...')
#18 D:\laragon\www\kelfivenew\vendor\yiisoft\yii2\grid\GridView.php(301): yii\widgets\BaseListView->run()
#19 D:\laragon\www\kelfivenew\vendor\yiisoft\yii2\base\Widget.php(146): yii\grid\GridView->run()
#20 D:\laragon\www\kelfivenew\views\akreditasi-prodi\index.php(43): yii\base\Widget::widget(Array)
#21 D:\laragon\www\kelfivenew\vendor\yiisoft\yii2\base\View.php(348): require('D:\\laragon\\www\\...')
#22 D:\laragon\www\kelfivenew\vendor\yiisoft\yii2\base\View.php(258): yii\base\View->renderPhpFile('D:\\laragon\\www\\...', Array)
#23 D:\laragon\www\kelfivenew\vendor\yiisoft\yii2\base\View.php(157): yii\base\View->renderFile('D:\\laragon\\www\\...', Array, Object(app\controllers\AkreditasiProdiController))
#24 D:\laragon\www\kelfivenew\vendor\yiisoft\yii2\base\Controller.php(407): yii\base\View->render('index', Array, Object(app\controllers\AkreditasiProdiController))
#25 D:\laragon\www\kelfivenew\controllers\AkreditasiProdiController.php(46): yii\base\Controller->render('index', Array)
#26 [internal function]: app\controllers\AkreditasiProdiController->actionIndex()
#27 D:\laragon\www\kelfivenew\vendor\yiisoft\yii2\base\InlineAction.php(57): call_user_func_array(Array, Array)
#28 D:\laragon\www\kelfivenew\vendor\yiisoft\yii2\base\Controller.php(178): yii\base\InlineAction->runWithParams(Array)
#29 D:\laragon\www\kelfivenew\vendor\yiisoft\yii2\base\Module.php(552): yii\base\Controller->runAction('index', Array)
#30 D:\laragon\www\kelfivenew\vendor\yiisoft\yii2\web\Application.php(103): yii\base\Module->runAction('akreditasi-prod...', Array)
#31 D:\laragon\www\kelfivenew\vendor\yiisoft\yii2\base\Application.php(384): yii\web\Application->handleRequest(Object(yii\web\Request))
#32 D:\laragon\www\kelfivenew\web\index.php(12): yii\base\Application->run()
#33 {main}

Next yii\db\Exception: SQLSTATE[HY000]: General error: 1525 Incorrect DATE value: '12-08-2005'
The SQL being executed was: SELECT COUNT(*) FROM `akreditasi_prodi` WHERE (`id_akreditasi_prodi`='1') AND (`tanggal_mulai`='12-08-2005') in D:\laragon\www\kelfivenew\vendor\yiisoft\yii2\db\Schema.php:676
Stack trace:
#0 D:\laragon\www\kelfivenew\vendor\yiisoft\yii2\db\Command.php(1325): yii\db\Schema->convertException(Object(PDOException), 'SELECT COUNT(*)...')
#1 D:\laragon\www\kelfivenew\vendor\yiisoft\yii2\db\Command.php(1186): yii\db\Command->internalExecute('SELECT COUNT(*)...')
#2 D:\laragon\www\kelfivenew\vendor\yiisoft\yii2\db\Command.php(443): yii\db\Command->queryInternal('fetchColumn', 0)
#3 D:\laragon\www\kelfivenew\vendor\yiisoft\yii2\db\Query.php(497): yii\db\Command->queryScalar()
#4 D:\laragon\www\kelfivenew\vendor\yiisoft\yii2\db\ActiveQuery.php(352): yii\db\Query->queryScalar('COUNT(*)', Object(yii\db\Connection))
#5 D:\laragon\www\kelfivenew\vendor\yiisoft\yii2\db\Query.php(368): yii\db\ActiveQuery->queryScalar('COUNT(*)', Object(yii\db\Connection))
#6 D:\laragon\www\kelfivenew\vendor\yiisoft\yii2\data\ActiveDataProvider.php(168): yii\db\Query->count('*', NULL)
#7 D:\laragon\www\kelfivenew\vendor\yiisoft\yii2\data\BaseDataProvider.php(170): yii\data\ActiveDataProvider->prepareTotalCount()
#8 D:\laragon\www\kelfivenew\vendor\yiisoft\yii2\data\ActiveDataProvider.php(105): yii\data\BaseDataProvider->getTotalCount()
#9 D:\laragon\www\kelfivenew\vendor\yiisoft\yii2\data\BaseDataProvider.php(102): yii\data\ActiveDataProvider->prepareModels()
#10 D:\laragon\www\kelfivenew\vendor\yiisoft\yii2\data\BaseDataProvider.php(115): yii\data\BaseDataProvider->prepare()
#11 D:\laragon\www\kelfivenew\vendor\yiisoft\yii2\data\BaseDataProvider.php(156): yii\data\BaseDataProvider->getModels()
#12 D:\laragon\www\kelfivenew\vendor\yiisoft\yii2\widgets\BaseListView.php(190): yii\data\BaseDataProvider->getCount()
#13 D:\laragon\www\kelfivenew\vendor\yiisoft\yii2\widgets\BaseListView.php(158): yii\widgets\BaseListView->renderSummary()
#14 D:\laragon\www\kelfivenew\vendor\yiisoft\yii2\grid\GridView.php(326): yii\widgets\BaseListView->renderSection('{summary}')
#15 D:\laragon\www\kelfivenew\vendor\yiisoft\yii2\widgets\BaseListView.php(135): yii\grid\GridView->renderSection('{summary}')
#16 [internal function]: yii\widgets\BaseListView->yii\widgets\{closure}(Array)
#17 D:\laragon\www\kelfivenew\vendor\yiisoft\yii2\widgets\BaseListView.php(138): preg_replace_callback('/{\\w+}/', Object(Closure), '{summary}\n{item...')
#18 D:\laragon\www\kelfivenew\vendor\yiisoft\yii2\grid\GridView.php(301): yii\widgets\BaseListView->run()
#19 D:\laragon\www\kelfivenew\vendor\yiisoft\yii2\base\Widget.php(146): yii\grid\GridView->run()
#20 D:\laragon\www\kelfivenew\views\akreditasi-prodi\index.php(43): yii\base\Widget::widget(Array)
#21 D:\laragon\www\kelfivenew\vendor\yiisoft\yii2\base\View.php(348): require('D:\\laragon\\www\\...')
#22 D:\laragon\www\kelfivenew\vendor\yiisoft\yii2\base\View.php(258): yii\base\View->renderPhpFile('D:\\laragon\\www\\...', Array)
#23 D:\laragon\www\kelfivenew\vendor\yiisoft\yii2\base\View.php(157): yii\base\View->renderFile('D:\\laragon\\www\\...', Array, Object(app\controllers\AkreditasiProdiController))
#24 D:\laragon\www\kelfivenew\vendor\yiisoft\yii2\base\Controller.php(407): yii\base\View->render('index', Array, Object(app\controllers\AkreditasiProdiController))
#25 D:\laragon\www\kelfivenew\controllers\AkreditasiProdiController.php(46): yii\base\Controller->render('index', Array)
#26 [internal function]: app\controllers\AkreditasiProdiController->actionIndex()
#27 D:\laragon\www\kelfivenew\vendor\yiisoft\yii2\base\InlineAction.php(57): call_user_func_array(Array, Array)
#28 D:\laragon\www\kelfivenew\vendor\yiisoft\yii2\base\Controller.php(178): yii\base\InlineAction->runWithParams(Array)
#29 D:\laragon\www\kelfivenew\vendor\yiisoft\yii2\base\Module.php(552): yii\base\Controller->runAction('index', Array)
#30 D:\laragon\www\kelfivenew\vendor\yiisoft\yii2\web\Application.php(103): yii\base\Module->runAction('akreditasi-prod...', Array)
#31 D:\laragon\www\kelfivenew\vendor\yiisoft\yii2\base\Application.php(384): yii\web\Application->handleRequest(Object(yii\web\Request))
#32 D:\laragon\www\kelfivenew\web\index.php(12): yii\base\Application->run()
#33 {main}
Additional Information:
Array
(
    [0] => HY000
    [1] => 1525
    [2] => Incorrect DATE value: '12-08-2005'
)

2025-01-01 16:56:46 [::1][-][78t480mmvmr21ctn88i9bdjmgh][info][application] $_GET = [
    'AkreditasiProdiSearch' => [
        'id_akreditasi_prodi' => '1'
        'tanggal_mulai' => '12-08-2005'
        'tanggal_akhir' => ''
        'no_sk' => ''
        'id_lembaga_akreditasi' => ''
    ]
    'r' => 'akreditasi-prodi/index'
    'sort' => 'no_sk'
]

$_POST = []

$_FILES = []

$_COOKIE = [
    'PHPSESSID' => '78t480mmvmr21ctn88i9bdjmgh'
    '_csrf' => '1906d7e222e233cb53f8bc57e24a1436e78839a100a28ce8e3f9704dec5b7848a:2:{i:0;s:5:\"_csrf\";i:1;s:32:\"WDcMeeLTZbkBIXbffzloqmK67QDOaC_N\";}'
]

$_SESSION = [
    '__flash' => []
    '__captcha/site/captcha' => 'bisrvio'
    '__captcha/site/captchacount' => 1
]

$_SERVER = [
    'HTTP_HOST' => 'localhost'
    'HTTP_CONNECTION' => 'keep-alive'
    'HTTP_SEC_CH_UA' => '\"Google Chrome\";v=\"131\", \"Chromium\";v=\"131\", \"Not_A Brand\";v=\"24\"'
    'HTTP_SEC_CH_UA_MOBILE' => '?0'
    'HTTP_SEC_CH_UA_PLATFORM' => '\"Windows\"'
    'HTTP_UPGRADE_INSECURE_REQUESTS' => '1'
    'HTTP_USER_AGENT' => 'Mozilla/5.0 (Windows NT 10.0; Win64; x64) AppleWebKit/537.36 (KHTML, like Gecko) Chrome/131.0.0.0 Safari/537.36'
    'HTTP_ACCEPT' => 'text/html,application/xhtml+xml,application/xml;q=0.9,image/avif,image/webp,image/apng,*/*;q=0.8,application/signed-exchange;v=b3;q=0.7'
    'HTTP_SEC_FETCH_SITE' => 'same-origin'
    'HTTP_SEC_FETCH_MODE' => 'navigate'
    'HTTP_SEC_FETCH_USER' => '?1'
    'HTTP_SEC_FETCH_DEST' => 'document'
    'HTTP_REFERER' => 'http://localhost/kelfivenew/web/index.php?AkreditasiProdiSearch%5Bid_akreditasi_prodi%5D=1&AkreditasiProdiSearch%5Btanggal_mulai%5D=&AkreditasiProdiSearch%5Btanggal_akhir%5D=&AkreditasiProdiSearch%5Bno_sk%5D=&AkreditasiProdiSearch%5Bid_lembaga_akreditasi%5D=&r=akreditasi-prodi%2Findex&sort=no_sk'
    'HTTP_ACCEPT_ENCODING' => 'gzip, deflate, br, zstd'
    'HTTP_ACCEPT_LANGUAGE' => 'en-US,en;q=0.9,de;q=0.8,id;q=0.7'
    'HTTP_COOKIE' => 'PHPSESSID=78t480mmvmr21ctn88i9bdjmgh; _csrf=1906d7e222e233cb53f8bc57e24a1436e78839a100a28ce8e3f9704dec5b7848a%3A2%3A%7Bi%3A0%3Bs%3A5%3A%22_csrf%22%3Bi%3A1%3Bs%3A32%3A%22WDcMeeLTZbkBIXbffzloqmK67QDOaC_N%22%3B%7D'
    'PATH' => 'C:\\Program Files (x86)\\Common Files\\Oracle\\Java\\java8path;C:\\Program Files (x86)\\Common Files\\Oracle\\Java\\javapath;C:\\WINDOWS\\system32;C:\\WINDOWS;C:\\WINDOWS\\System32\\Wbem;C:\\WINDOWS\\System32\\WindowsPowerShell\\v1.0\\;C:\\WINDOWS\\System32\\OpenSSH\\;C:\\Program Files (x86)\\ZeroTier\\One\\;C:\\Program Files\\dotnet\\;C:\\Program Files\\Git\\cmd;C:\\Program Files\\Docker\\Docker\\resources\\bin;D:\\Code Folder\\Phyton\\Scripts\\;D:\\Code Folder\\Phyton\\;C:\\Users\\hp\\AppData\\Local\\Microsoft\\WindowsApps;D:\\Code Folder\\VSC\\Microsoft VS Code\\bin'
    'SystemRoot' => 'C:\\WINDOWS'
    'COMSPEC' => 'C:\\WINDOWS\\system32\\cmd.exe'
    'PATHEXT' => '.COM;.EXE;.BAT;.CMD;.VBS;.VBE;.JS;.JSE;.WSF;.WSH;.MSC'
    'WINDIR' => 'C:\\WINDOWS'
    'SERVER_SIGNATURE' => ''
    'SERVER_SOFTWARE' => 'Apache/2.4.54 (Win64) OpenSSL/1.1.1q PHP/8.1.10'
    'SERVER_NAME' => 'localhost'
    'SERVER_ADDR' => '::1'
    'SERVER_PORT' => '80'
    'REMOTE_ADDR' => '::1'
    'DOCUMENT_ROOT' => 'D:/laragon/www'
    'REQUEST_SCHEME' => 'http'
    'CONTEXT_PREFIX' => ''
    'CONTEXT_DOCUMENT_ROOT' => 'D:/laragon/www'
    'SERVER_ADMIN' => 'admin@example.com'
    'SCRIPT_FILENAME' => 'D:/laragon/www/kelfivenew/web/index.php'
    'REMOTE_PORT' => '61711'
    'GATEWAY_INTERFACE' => 'CGI/1.1'
    'SERVER_PROTOCOL' => 'HTTP/1.1'
    'REQUEST_METHOD' => 'GET'
    'QUERY_STRING' => 'AkreditasiProdiSearch%5Bid_akreditasi_prodi%5D=1&AkreditasiProdiSearch%5Btanggal_mulai%5D=12-08-2005&AkreditasiProdiSearch%5Btanggal_akhir%5D=&AkreditasiProdiSearch%5Bno_sk%5D=&AkreditasiProdiSearch%5Bid_lembaga_akreditasi%5D=&r=akreditasi-prodi%2Findex&sort=no_sk'
    'REQUEST_URI' => '/kelfivenew/web/index.php?AkreditasiProdiSearch%5Bid_akreditasi_prodi%5D=1&AkreditasiProdiSearch%5Btanggal_mulai%5D=12-08-2005&AkreditasiProdiSearch%5Btanggal_akhir%5D=&AkreditasiProdiSearch%5Bno_sk%5D=&AkreditasiProdiSearch%5Bid_lembaga_akreditasi%5D=&r=akreditasi-prodi%2Findex&sort=no_sk'
    'SCRIPT_NAME' => '/kelfivenew/web/index.php'
    'PHP_SELF' => '/kelfivenew/web/index.php'
    'REQUEST_TIME_FLOAT' => 1735750606.5891
    'REQUEST_TIME' => 1735750606
]
2025-01-01 16:57:20 [::1][-][78t480mmvmr21ctn88i9bdjmgh][error][yii\db\Exception] PDOException: SQLSTATE[HY000]: General error: 1525 Incorrect DATE value: '12-08-2005' in D:\laragon\www\kelfivenew\vendor\yiisoft\yii2\db\Command.php:1320
Stack trace:
#0 D:\laragon\www\kelfivenew\vendor\yiisoft\yii2\db\Command.php(1320): PDOStatement->execute()
#1 D:\laragon\www\kelfivenew\vendor\yiisoft\yii2\db\Command.php(1186): yii\db\Command->internalExecute('SELECT COUNT(*)...')
#2 D:\laragon\www\kelfivenew\vendor\yiisoft\yii2\db\Command.php(443): yii\db\Command->queryInternal('fetchColumn', 0)
#3 D:\laragon\www\kelfivenew\vendor\yiisoft\yii2\db\Query.php(497): yii\db\Command->queryScalar()
#4 D:\laragon\www\kelfivenew\vendor\yiisoft\yii2\db\ActiveQuery.php(352): yii\db\Query->queryScalar('COUNT(*)', Object(yii\db\Connection))
#5 D:\laragon\www\kelfivenew\vendor\yiisoft\yii2\db\Query.php(368): yii\db\ActiveQuery->queryScalar('COUNT(*)', Object(yii\db\Connection))
#6 D:\laragon\www\kelfivenew\vendor\yiisoft\yii2\data\ActiveDataProvider.php(168): yii\db\Query->count('*', NULL)
#7 D:\laragon\www\kelfivenew\vendor\yiisoft\yii2\data\BaseDataProvider.php(170): yii\data\ActiveDataProvider->prepareTotalCount()
#8 D:\laragon\www\kelfivenew\vendor\yiisoft\yii2\data\ActiveDataProvider.php(105): yii\data\BaseDataProvider->getTotalCount()
#9 D:\laragon\www\kelfivenew\vendor\yiisoft\yii2\data\BaseDataProvider.php(102): yii\data\ActiveDataProvider->prepareModels()
#10 D:\laragon\www\kelfivenew\vendor\yiisoft\yii2\data\BaseDataProvider.php(115): yii\data\BaseDataProvider->prepare()
#11 D:\laragon\www\kelfivenew\vendor\yiisoft\yii2\data\BaseDataProvider.php(156): yii\data\BaseDataProvider->getModels()
#12 D:\laragon\www\kelfivenew\vendor\yiisoft\yii2\widgets\BaseListView.php(190): yii\data\BaseDataProvider->getCount()
#13 D:\laragon\www\kelfivenew\vendor\yiisoft\yii2\widgets\BaseListView.php(158): yii\widgets\BaseListView->renderSummary()
#14 D:\laragon\www\kelfivenew\vendor\yiisoft\yii2\grid\GridView.php(326): yii\widgets\BaseListView->renderSection('{summary}')
#15 D:\laragon\www\kelfivenew\vendor\yiisoft\yii2\widgets\BaseListView.php(135): yii\grid\GridView->renderSection('{summary}')
#16 [internal function]: yii\widgets\BaseListView->yii\widgets\{closure}(Array)
#17 D:\laragon\www\kelfivenew\vendor\yiisoft\yii2\widgets\BaseListView.php(138): preg_replace_callback('/{\\w+}/', Object(Closure), '{summary}\n{item...')
#18 D:\laragon\www\kelfivenew\vendor\yiisoft\yii2\grid\GridView.php(301): yii\widgets\BaseListView->run()
#19 D:\laragon\www\kelfivenew\vendor\yiisoft\yii2\base\Widget.php(146): yii\grid\GridView->run()
#20 D:\laragon\www\kelfivenew\views\akreditasi-prodi\index.php(43): yii\base\Widget::widget(Array)
#21 D:\laragon\www\kelfivenew\vendor\yiisoft\yii2\base\View.php(348): require('D:\\laragon\\www\\...')
#22 D:\laragon\www\kelfivenew\vendor\yiisoft\yii2\base\View.php(258): yii\base\View->renderPhpFile('D:\\laragon\\www\\...', Array)
#23 D:\laragon\www\kelfivenew\vendor\yiisoft\yii2\base\View.php(157): yii\base\View->renderFile('D:\\laragon\\www\\...', Array, Object(app\controllers\AkreditasiProdiController))
#24 D:\laragon\www\kelfivenew\vendor\yiisoft\yii2\base\Controller.php(407): yii\base\View->render('index', Array, Object(app\controllers\AkreditasiProdiController))
#25 D:\laragon\www\kelfivenew\controllers\AkreditasiProdiController.php(46): yii\base\Controller->render('index', Array)
#26 [internal function]: app\controllers\AkreditasiProdiController->actionIndex()
#27 D:\laragon\www\kelfivenew\vendor\yiisoft\yii2\base\InlineAction.php(57): call_user_func_array(Array, Array)
#28 D:\laragon\www\kelfivenew\vendor\yiisoft\yii2\base\Controller.php(178): yii\base\InlineAction->runWithParams(Array)
#29 D:\laragon\www\kelfivenew\vendor\yiisoft\yii2\base\Module.php(552): yii\base\Controller->runAction('index', Array)
#30 D:\laragon\www\kelfivenew\vendor\yiisoft\yii2\web\Application.php(103): yii\base\Module->runAction('akreditasi-prod...', Array)
#31 D:\laragon\www\kelfivenew\vendor\yiisoft\yii2\base\Application.php(384): yii\web\Application->handleRequest(Object(yii\web\Request))
#32 D:\laragon\www\kelfivenew\web\index.php(12): yii\base\Application->run()
#33 {main}

Next yii\db\Exception: SQLSTATE[HY000]: General error: 1525 Incorrect DATE value: '12-08-2005'
The SQL being executed was: SELECT COUNT(*) FROM `akreditasi_prodi` WHERE (`id_akreditasi_prodi`='1') AND (`tanggal_mulai`='12-08-2005') AND (`tanggal_akhir`='12-08-2016') in D:\laragon\www\kelfivenew\vendor\yiisoft\yii2\db\Schema.php:676
Stack trace:
#0 D:\laragon\www\kelfivenew\vendor\yiisoft\yii2\db\Command.php(1325): yii\db\Schema->convertException(Object(PDOException), 'SELECT COUNT(*)...')
#1 D:\laragon\www\kelfivenew\vendor\yiisoft\yii2\db\Command.php(1186): yii\db\Command->internalExecute('SELECT COUNT(*)...')
#2 D:\laragon\www\kelfivenew\vendor\yiisoft\yii2\db\Command.php(443): yii\db\Command->queryInternal('fetchColumn', 0)
#3 D:\laragon\www\kelfivenew\vendor\yiisoft\yii2\db\Query.php(497): yii\db\Command->queryScalar()
#4 D:\laragon\www\kelfivenew\vendor\yiisoft\yii2\db\ActiveQuery.php(352): yii\db\Query->queryScalar('COUNT(*)', Object(yii\db\Connection))
#5 D:\laragon\www\kelfivenew\vendor\yiisoft\yii2\db\Query.php(368): yii\db\ActiveQuery->queryScalar('COUNT(*)', Object(yii\db\Connection))
#6 D:\laragon\www\kelfivenew\vendor\yiisoft\yii2\data\ActiveDataProvider.php(168): yii\db\Query->count('*', NULL)
#7 D:\laragon\www\kelfivenew\vendor\yiisoft\yii2\data\BaseDataProvider.php(170): yii\data\ActiveDataProvider->prepareTotalCount()
#8 D:\laragon\www\kelfivenew\vendor\yiisoft\yii2\data\ActiveDataProvider.php(105): yii\data\BaseDataProvider->getTotalCount()
#9 D:\laragon\www\kelfivenew\vendor\yiisoft\yii2\data\BaseDataProvider.php(102): yii\data\ActiveDataProvider->prepareModels()
#10 D:\laragon\www\kelfivenew\vendor\yiisoft\yii2\data\BaseDataProvider.php(115): yii\data\BaseDataProvider->prepare()
#11 D:\laragon\www\kelfivenew\vendor\yiisoft\yii2\data\BaseDataProvider.php(156): yii\data\BaseDataProvider->getModels()
#12 D:\laragon\www\kelfivenew\vendor\yiisoft\yii2\widgets\BaseListView.php(190): yii\data\BaseDataProvider->getCount()
#13 D:\laragon\www\kelfivenew\vendor\yiisoft\yii2\widgets\BaseListView.php(158): yii\widgets\BaseListView->renderSummary()
#14 D:\laragon\www\kelfivenew\vendor\yiisoft\yii2\grid\GridView.php(326): yii\widgets\BaseListView->renderSection('{summary}')
#15 D:\laragon\www\kelfivenew\vendor\yiisoft\yii2\widgets\BaseListView.php(135): yii\grid\GridView->renderSection('{summary}')
#16 [internal function]: yii\widgets\BaseListView->yii\widgets\{closure}(Array)
#17 D:\laragon\www\kelfivenew\vendor\yiisoft\yii2\widgets\BaseListView.php(138): preg_replace_callback('/{\\w+}/', Object(Closure), '{summary}\n{item...')
#18 D:\laragon\www\kelfivenew\vendor\yiisoft\yii2\grid\GridView.php(301): yii\widgets\BaseListView->run()
#19 D:\laragon\www\kelfivenew\vendor\yiisoft\yii2\base\Widget.php(146): yii\grid\GridView->run()
#20 D:\laragon\www\kelfivenew\views\akreditasi-prodi\index.php(43): yii\base\Widget::widget(Array)
#21 D:\laragon\www\kelfivenew\vendor\yiisoft\yii2\base\View.php(348): require('D:\\laragon\\www\\...')
#22 D:\laragon\www\kelfivenew\vendor\yiisoft\yii2\base\View.php(258): yii\base\View->renderPhpFile('D:\\laragon\\www\\...', Array)
#23 D:\laragon\www\kelfivenew\vendor\yiisoft\yii2\base\View.php(157): yii\base\View->renderFile('D:\\laragon\\www\\...', Array, Object(app\controllers\AkreditasiProdiController))
#24 D:\laragon\www\kelfivenew\vendor\yiisoft\yii2\base\Controller.php(407): yii\base\View->render('index', Array, Object(app\controllers\AkreditasiProdiController))
#25 D:\laragon\www\kelfivenew\controllers\AkreditasiProdiController.php(46): yii\base\Controller->render('index', Array)
#26 [internal function]: app\controllers\AkreditasiProdiController->actionIndex()
#27 D:\laragon\www\kelfivenew\vendor\yiisoft\yii2\base\InlineAction.php(57): call_user_func_array(Array, Array)
#28 D:\laragon\www\kelfivenew\vendor\yiisoft\yii2\base\Controller.php(178): yii\base\InlineAction->runWithParams(Array)
#29 D:\laragon\www\kelfivenew\vendor\yiisoft\yii2\base\Module.php(552): yii\base\Controller->runAction('index', Array)
#30 D:\laragon\www\kelfivenew\vendor\yiisoft\yii2\web\Application.php(103): yii\base\Module->runAction('akreditasi-prod...', Array)
#31 D:\laragon\www\kelfivenew\vendor\yiisoft\yii2\base\Application.php(384): yii\web\Application->handleRequest(Object(yii\web\Request))
#32 D:\laragon\www\kelfivenew\web\index.php(12): yii\base\Application->run()
#33 {main}
Additional Information:
Array
(
    [0] => HY000
    [1] => 1525
    [2] => Incorrect DATE value: '12-08-2005'
)

2025-01-01 16:57:20 [::1][-][78t480mmvmr21ctn88i9bdjmgh][info][application] $_GET = [
    'AkreditasiProdiSearch' => [
        'id_akreditasi_prodi' => '1'
        'tanggal_mulai' => '12-08-2005'
        'tanggal_akhir' => '12-08-2016'
        'no_sk' => ''
        'id_lembaga_akreditasi' => ''
    ]
    'r' => 'akreditasi-prodi/index'
    'sort' => 'no_sk'
]

$_POST = []

$_FILES = []

$_COOKIE = [
    'PHPSESSID' => '78t480mmvmr21ctn88i9bdjmgh'
    '_csrf' => '1906d7e222e233cb53f8bc57e24a1436e78839a100a28ce8e3f9704dec5b7848a:2:{i:0;s:5:\"_csrf\";i:1;s:32:\"WDcMeeLTZbkBIXbffzloqmK67QDOaC_N\";}'
]

$_SESSION = [
    '__flash' => []
    '__captcha/site/captcha' => 'bisrvio'
    '__captcha/site/captchacount' => 1
]

$_SERVER = [
    'HTTP_HOST' => 'localhost'
    'HTTP_CONNECTION' => 'keep-alive'
    'HTTP_SEC_CH_UA' => '\"Google Chrome\";v=\"131\", \"Chromium\";v=\"131\", \"Not_A Brand\";v=\"24\"'
    'HTTP_SEC_CH_UA_MOBILE' => '?0'
    'HTTP_SEC_CH_UA_PLATFORM' => '\"Windows\"'
    'HTTP_UPGRADE_INSECURE_REQUESTS' => '1'
    'HTTP_USER_AGENT' => 'Mozilla/5.0 (Windows NT 10.0; Win64; x64) AppleWebKit/537.36 (KHTML, like Gecko) Chrome/131.0.0.0 Safari/537.36'
    'HTTP_ACCEPT' => 'text/html,application/xhtml+xml,application/xml;q=0.9,image/avif,image/webp,image/apng,*/*;q=0.8,application/signed-exchange;v=b3;q=0.7'
    'HTTP_SEC_FETCH_SITE' => 'same-origin'
    'HTTP_SEC_FETCH_MODE' => 'navigate'
    'HTTP_SEC_FETCH_USER' => '?1'
    'HTTP_SEC_FETCH_DEST' => 'document'
    'HTTP_REFERER' => 'http://localhost/kelfivenew/web/index.php?AkreditasiProdiSearch%5Bid_akreditasi_prodi%5D=1&AkreditasiProdiSearch%5Btanggal_mulai%5D=&AkreditasiProdiSearch%5Btanggal_akhir%5D=&AkreditasiProdiSearch%5Bno_sk%5D=&AkreditasiProdiSearch%5Bid_lembaga_akreditasi%5D=&r=akreditasi-prodi%2Findex&sort=no_sk'
    'HTTP_ACCEPT_ENCODING' => 'gzip, deflate, br, zstd'
    'HTTP_ACCEPT_LANGUAGE' => 'en-US,en;q=0.9,de;q=0.8,id;q=0.7'
    'HTTP_COOKIE' => 'PHPSESSID=78t480mmvmr21ctn88i9bdjmgh; _csrf=1906d7e222e233cb53f8bc57e24a1436e78839a100a28ce8e3f9704dec5b7848a%3A2%3A%7Bi%3A0%3Bs%3A5%3A%22_csrf%22%3Bi%3A1%3Bs%3A32%3A%22WDcMeeLTZbkBIXbffzloqmK67QDOaC_N%22%3B%7D'
    'PATH' => 'C:\\Program Files (x86)\\Common Files\\Oracle\\Java\\java8path;C:\\Program Files (x86)\\Common Files\\Oracle\\Java\\javapath;C:\\WINDOWS\\system32;C:\\WINDOWS;C:\\WINDOWS\\System32\\Wbem;C:\\WINDOWS\\System32\\WindowsPowerShell\\v1.0\\;C:\\WINDOWS\\System32\\OpenSSH\\;C:\\Program Files (x86)\\ZeroTier\\One\\;C:\\Program Files\\dotnet\\;C:\\Program Files\\Git\\cmd;C:\\Program Files\\Docker\\Docker\\resources\\bin;D:\\Code Folder\\Phyton\\Scripts\\;D:\\Code Folder\\Phyton\\;C:\\Users\\hp\\AppData\\Local\\Microsoft\\WindowsApps;D:\\Code Folder\\VSC\\Microsoft VS Code\\bin'
    'SystemRoot' => 'C:\\WINDOWS'
    'COMSPEC' => 'C:\\WINDOWS\\system32\\cmd.exe'
    'PATHEXT' => '.COM;.EXE;.BAT;.CMD;.VBS;.VBE;.JS;.JSE;.WSF;.WSH;.MSC'
    'WINDIR' => 'C:\\WINDOWS'
    'SERVER_SIGNATURE' => ''
    'SERVER_SOFTWARE' => 'Apache/2.4.54 (Win64) OpenSSL/1.1.1q PHP/8.1.10'
    'SERVER_NAME' => 'localhost'
    'SERVER_ADDR' => '::1'
    'SERVER_PORT' => '80'
    'REMOTE_ADDR' => '::1'
    'DOCUMENT_ROOT' => 'D:/laragon/www'
    'REQUEST_SCHEME' => 'http'
    'CONTEXT_PREFIX' => ''
    'CONTEXT_DOCUMENT_ROOT' => 'D:/laragon/www'
    'SERVER_ADMIN' => 'admin@example.com'
    'SCRIPT_FILENAME' => 'D:/laragon/www/kelfivenew/web/index.php'
    'REMOTE_PORT' => '61718'
    'GATEWAY_INTERFACE' => 'CGI/1.1'
    'SERVER_PROTOCOL' => 'HTTP/1.1'
    'REQUEST_METHOD' => 'GET'
    'QUERY_STRING' => 'AkreditasiProdiSearch%5Bid_akreditasi_prodi%5D=1&AkreditasiProdiSearch%5Btanggal_mulai%5D=12-08-2005&AkreditasiProdiSearch%5Btanggal_akhir%5D=12-08-2016&AkreditasiProdiSearch%5Bno_sk%5D=&AkreditasiProdiSearch%5Bid_lembaga_akreditasi%5D=&r=akreditasi-prodi%2Findex&sort=no_sk'
    'REQUEST_URI' => '/kelfivenew/web/index.php?AkreditasiProdiSearch%5Bid_akreditasi_prodi%5D=1&AkreditasiProdiSearch%5Btanggal_mulai%5D=12-08-2005&AkreditasiProdiSearch%5Btanggal_akhir%5D=12-08-2016&AkreditasiProdiSearch%5Bno_sk%5D=&AkreditasiProdiSearch%5Bid_lembaga_akreditasi%5D=&r=akreditasi-prodi%2Findex&sort=no_sk'
    'SCRIPT_NAME' => '/kelfivenew/web/index.php'
    'PHP_SELF' => '/kelfivenew/web/index.php'
    'REQUEST_TIME_FLOAT' => 1735750640.0236
    'REQUEST_TIME' => 1735750640
]
2025-01-02 02:22:45 [::1][-][78t480mmvmr21ctn88i9bdjmgh][error][yii\base\UnknownPropertyException] yii\base\UnknownPropertyException: Getting unknown property: app\models\AkreditasiProdi::lembaga_akreditasi in D:\laragon\www\kelfivenew\vendor\yiisoft\yii2\base\Component.php:154
Stack trace:
#0 D:\laragon\www\kelfivenew\vendor\yiisoft\yii2\db\BaseActiveRecord.php(296): yii\base\Component->__get('lembaga_akredit...')
#1 D:\laragon\www\kelfivenew\vendor\yiisoft\yii2\helpers\BaseHtml.php(2291): yii\db\BaseActiveRecord->__get('lembaga_akredit...')
#2 D:\laragon\www\kelfivenew\vendor\yiisoft\yii2\helpers\BaseHtml.php(1383): yii\helpers\BaseHtml::getAttributeValue(Object(app\models\AkreditasiProdi), 'lembaga_akredit...')
#3 D:\laragon\www\kelfivenew\vendor\yiisoft\yii2\helpers\BaseHtml.php(1439): yii\helpers\BaseHtml::activeInput('text', Object(app\models\AkreditasiProdi), 'lembaga_akredit...', Array)
#4 D:\laragon\www\kelfivenew\vendor\yiisoft\yii2\widgets\ActiveField.php(407): yii\helpers\BaseHtml::activeTextInput(Object(app\models\AkreditasiProdi), 'lembaga_akredit...', Array)
#5 D:\laragon\www\kelfivenew\views\akreditasi-prodi\_form.php(23): yii\widgets\ActiveField->textInput()
#6 D:\laragon\www\kelfivenew\vendor\yiisoft\yii2\base\View.php(348): require('D:\\laragon\\www\\...')
#7 D:\laragon\www\kelfivenew\vendor\yiisoft\yii2\base\View.php(258): yii\base\View->renderPhpFile('D:\\laragon\\www\\...', Array)
#8 D:\laragon\www\kelfivenew\vendor\yiisoft\yii2\base\View.php(157): yii\base\View->renderFile('D:\\laragon\\www\\...', Array, NULL)
#9 D:\laragon\www\kelfivenew\views\akreditasi-prodi\create.php(24): yii\base\View->render('_form', Array)
#10 D:\laragon\www\kelfivenew\vendor\yiisoft\yii2\base\View.php(348): require('D:\\laragon\\www\\...')
#11 D:\laragon\www\kelfivenew\vendor\yiisoft\yii2\base\View.php(258): yii\base\View->renderPhpFile('D:\\laragon\\www\\...', Array)
#12 D:\laragon\www\kelfivenew\vendor\yiisoft\yii2\base\View.php(157): yii\base\View->renderFile('D:\\laragon\\www\\...', Array, Object(app\controllers\AkreditasiProdiController))
#13 D:\laragon\www\kelfivenew\vendor\yiisoft\yii2\base\Controller.php(407): yii\base\View->render('create', Array, Object(app\controllers\AkreditasiProdiController))
#14 D:\laragon\www\kelfivenew\controllers\AkreditasiProdiController.php(81): yii\base\Controller->render('create', Array)
#15 [internal function]: app\controllers\AkreditasiProdiController->actionCreate()
#16 D:\laragon\www\kelfivenew\vendor\yiisoft\yii2\base\InlineAction.php(57): call_user_func_array(Array, Array)
#17 D:\laragon\www\kelfivenew\vendor\yiisoft\yii2\base\Controller.php(178): yii\base\InlineAction->runWithParams(Array)
#18 D:\laragon\www\kelfivenew\vendor\yiisoft\yii2\base\Module.php(552): yii\base\Controller->runAction('create', Array)
#19 D:\laragon\www\kelfivenew\vendor\yiisoft\yii2\web\Application.php(103): yii\base\Module->runAction('akreditasi-prod...', Array)
#20 D:\laragon\www\kelfivenew\vendor\yiisoft\yii2\base\Application.php(384): yii\web\Application->handleRequest(Object(yii\web\Request))
#21 D:\laragon\www\kelfivenew\web\index.php(12): yii\base\Application->run()
#22 {main}
2025-01-02 02:22:45 [::1][-][78t480mmvmr21ctn88i9bdjmgh][info][application] $_GET = [
    'r' => 'akreditasi-prodi/create'
]

$_POST = []

$_FILES = []

$_COOKIE = [
    'PHPSESSID' => '78t480mmvmr21ctn88i9bdjmgh'
    '_csrf' => '1906d7e222e233cb53f8bc57e24a1436e78839a100a28ce8e3f9704dec5b7848a:2:{i:0;s:5:\"_csrf\";i:1;s:32:\"WDcMeeLTZbkBIXbffzloqmK67QDOaC_N\";}'
]

$_SESSION = [
    '__flash' => []
    '__captcha/site/captcha' => 'bisrvio'
    '__captcha/site/captchacount' => 1
]

$_SERVER = [
    'HTTP_HOST' => 'localhost'
    'HTTP_CONNECTION' => 'keep-alive'
    'HTTP_CACHE_CONTROL' => 'max-age=0'
    'HTTP_SEC_CH_UA' => '\"Google Chrome\";v=\"131\", \"Chromium\";v=\"131\", \"Not_A Brand\";v=\"24\"'
    'HTTP_SEC_CH_UA_MOBILE' => '?0'
    'HTTP_SEC_CH_UA_PLATFORM' => '\"Windows\"'
    'HTTP_UPGRADE_INSECURE_REQUESTS' => '1'
    'HTTP_USER_AGENT' => 'Mozilla/5.0 (Windows NT 10.0; Win64; x64) AppleWebKit/537.36 (KHTML, like Gecko) Chrome/131.0.0.0 Safari/537.36'
    'HTTP_ACCEPT' => 'text/html,application/xhtml+xml,application/xml;q=0.9,image/avif,image/webp,image/apng,*/*;q=0.8,application/signed-exchange;v=b3;q=0.7'
    'HTTP_SEC_FETCH_SITE' => 'same-origin'
    'HTTP_SEC_FETCH_MODE' => 'navigate'
    'HTTP_SEC_FETCH_USER' => '?1'
    'HTTP_SEC_FETCH_DEST' => 'document'
    'HTTP_REFERER' => 'http://localhost/kelfivenew/web/index.php?r=akreditasi-prodi%2Findex'
    'HTTP_ACCEPT_ENCODING' => 'gzip, deflate, br, zstd'
    'HTTP_ACCEPT_LANGUAGE' => 'en-US,en;q=0.9,de;q=0.8,id;q=0.7'
    'HTTP_COOKIE' => 'PHPSESSID=78t480mmvmr21ctn88i9bdjmgh; _csrf=1906d7e222e233cb53f8bc57e24a1436e78839a100a28ce8e3f9704dec5b7848a%3A2%3A%7Bi%3A0%3Bs%3A5%3A%22_csrf%22%3Bi%3A1%3Bs%3A32%3A%22WDcMeeLTZbkBIXbffzloqmK67QDOaC_N%22%3B%7D'
    'PATH' => 'C:\\Program Files (x86)\\Common Files\\Oracle\\Java\\java8path;C:\\Program Files (x86)\\Common Files\\Oracle\\Java\\javapath;C:\\WINDOWS\\system32;C:\\WINDOWS;C:\\WINDOWS\\System32\\Wbem;C:\\WINDOWS\\System32\\WindowsPowerShell\\v1.0\\;C:\\WINDOWS\\System32\\OpenSSH\\;C:\\Program Files (x86)\\ZeroTier\\One\\;C:\\Program Files\\dotnet\\;C:\\Program Files\\Git\\cmd;C:\\Program Files\\Docker\\Docker\\resources\\bin;D:\\Code Folder\\Phyton\\Scripts\\;D:\\Code Folder\\Phyton\\;C:\\Users\\hp\\AppData\\Local\\Microsoft\\WindowsApps;D:\\Code Folder\\VSC\\Microsoft VS Code\\bin'
    'SystemRoot' => 'C:\\WINDOWS'
    'COMSPEC' => 'C:\\WINDOWS\\system32\\cmd.exe'
    'PATHEXT' => '.COM;.EXE;.BAT;.CMD;.VBS;.VBE;.JS;.JSE;.WSF;.WSH;.MSC'
    'WINDIR' => 'C:\\WINDOWS'
    'SERVER_SIGNATURE' => ''
    'SERVER_SOFTWARE' => 'Apache/2.4.54 (Win64) OpenSSL/1.1.1q PHP/8.1.10'
    'SERVER_NAME' => 'localhost'
    'SERVER_ADDR' => '::1'
    'SERVER_PORT' => '80'
    'REMOTE_ADDR' => '::1'
    'DOCUMENT_ROOT' => 'D:/laragon/www'
    'REQUEST_SCHEME' => 'http'
    'CONTEXT_PREFIX' => ''
    'CONTEXT_DOCUMENT_ROOT' => 'D:/laragon/www'
    'SERVER_ADMIN' => 'admin@example.com'
    'SCRIPT_FILENAME' => 'D:/laragon/www/kelfivenew/web/index.php'
    'REMOTE_PORT' => '65021'
    'GATEWAY_INTERFACE' => 'CGI/1.1'
    'SERVER_PROTOCOL' => 'HTTP/1.1'
    'REQUEST_METHOD' => 'GET'
    'QUERY_STRING' => 'r=akreditasi-prodi%2Fcreate'
    'REQUEST_URI' => '/kelfivenew/web/index.php?r=akreditasi-prodi%2Fcreate'
    'SCRIPT_NAME' => '/kelfivenew/web/index.php'
    'PHP_SELF' => '/kelfivenew/web/index.php'
    'REQUEST_TIME_FLOAT' => 1735784565.0423
    'REQUEST_TIME' => 1735784565
]
